<component name="libraryTable">
  <library name="junit-platform-console-standalone-1.8.13">
    <CLASSES>
      <root url="jar://$PROJECT_DIR$/L1P1/out/production/L1P1/junit-platform-console-standalone-1.8.1.jar!/" />
    </CLASSES>
    <JAVADOC />
    <SOURCES />
  </library>
</component>