<component name="libraryTable">
  <library name="junit-platform-console-standalone-1.8.12">
    <CLASSES>
      <root url="jar://$PROJECT_DIR$/L1P1/src/junit-platform-console-standalone-1.8.1.jar!/" />
    </CLASSES>
    <JAVADOC />
    <SOURCES />
  </library>
</component>